<?xml version="1.0" encoding="UTF-8"?>
<robot generator="Robot 5.0 (Python 3.10.0 on win32)" generated="20220507 11:18:53.790" rpa="false" schemaversion="3">
<suite id="s1" name="Demo1" source="C:\Users\shubham gupta\PycharmProjects\Robot_project\db_suite\demo1.robot">
<test id="s1-t1" name="Tc2" line="15">
<kw name="Connect To Database" library="DatabaseLibrary" type="SETUP">
<arg>dbapiModuleName=pymysql</arg>
<arg>dbName=dbfree_db</arg>
<arg>dbUsername=dbfree_db</arg>
<arg>dbPassword=12345678</arg>
<arg>dbHost=db4free.net</arg>
<arg>dbPort=3306</arg>
<doc>Loads the DB API 2.0 module given `dbapiModuleName` then uses it to
connect to the database using `dbName`, `dbUsername`, and `dbPassword`.</doc>
<msg timestamp="20220507 11:18:54.232" level="INFO">Connecting using : pymysql.connect(db=dbfree_db, user=dbfree_db, passwd=12345678, host=db4free.net, port=3306, charset=None) </msg>
<status status="PASS" starttime="20220507 11:18:53.878" endtime="20220507 11:19:00.498"/>
</kw>
<kw name="Table Must Exist" library="DatabaseLibrary">
<arg>Products</arg>
<doc>Check if the table given exists in the database. Set optional input `sansTran` to True to run command without an
explicit transaction commit or rollback.</doc>
<msg timestamp="20220507 11:19:00.499" level="INFO">Executing : Table Must Exist  |  Products </msg>
<msg timestamp="20220507 11:19:00.500" level="INFO">Executing : Row Count  |  SELECT * FROM information_schema.tables WHERE table_name='Products' </msg>
<status status="PASS" starttime="20220507 11:19:00.499" endtime="20220507 11:19:03.625"/>
</kw>
<kw name="Row Count Is Equal To X" library="DatabaseLibrary">
<arg>select * from Products</arg>
<arg>81</arg>
<doc>Check if the number of rows returned from `selectStatement` is equal to the value submitted. If not, then this
will throw an AssertionError. Set optional input `sansTran` to True to run command without an explicit
transaction commit or rollback.</doc>
<msg timestamp="20220507 11:19:03.626" level="INFO">Executing : Row Count Is Equal To X  |  select * from Products  |  81 </msg>
<msg timestamp="20220507 11:19:03.627" level="INFO">Executing : Row Count  |  select * from Products </msg>
<status status="PASS" starttime="20220507 11:19:03.626" endtime="20220507 11:19:04.235"/>
</kw>
<kw name="Disconnect From Database" library="DatabaseLibrary" type="TEARDOWN">
<doc>Disconnects from the database.</doc>
<msg timestamp="20220507 11:19:04.236" level="INFO">Executing : Disconnect From Database</msg>
<status status="PASS" starttime="20220507 11:19:04.236" endtime="20220507 11:19:04.237"/>
</kw>
<status status="PASS" starttime="20220507 11:18:53.877" endtime="20220507 11:19:04.237"/>
</test>
<status status="PASS" starttime="20220507 11:18:53.793" endtime="20220507 11:19:04.240"/>
</suite>
<statistics>
<total>
<stat pass="1" fail="0" skip="0">All Tests</stat>
</total>
<tag>
</tag>
<suite>
<stat pass="1" fail="0" skip="0" id="s1" name="Demo1">Demo1</stat>
</suite>
</statistics>
<errors>
</errors>
</robot>
